This is pdfTeX, Version 3.14159265-2.6-1.40.19 (MiKTeX 2.9.6840 64-bit) (preloaded format=pdflatex 2019.3.21)  21 AUG 2019 10:37
entering extended mode
**./Bayes_opt_SSD.tex
(Bayes_opt_SSD.tex
LaTeX2e <2018-04-01> patch level 5
("C:\Program Files\MiKTeX 2.9\tex\latex\base\article.cls"
Document Class: article 2014/09/29 v1.4h Standard LaTeX document class
("C:\Program Files\MiKTeX 2.9\tex\latex\base\size10.clo"
File: size10.clo 2014/09/29 v1.4h Standard LaTeX file (size option)
)
\c@part=\count80
\c@section=\count81
\c@subsection=\count82
\c@subsubsection=\count83
\c@paragraph=\count84
\c@subparagraph=\count85
\c@figure=\count86
\c@table=\count87
\abovecaptionskip=\skip41
\belowcaptionskip=\skip42
\bibindent=\dimen102
)
(C:\Users\meddwilb\AppData\Roaming\MiKTeX\2.9\tex\latex\algorithms\algorithm.st
y
Package: algorithm 2009/08/24 v0.1 Document Style `algorithm' - floating enviro
nment
 ("C:\Program Files\MiKTeX 2.9\tex\latex\float\float.sty"
Package: float 2001/11/08 v1.3d Float enhancements (AL)
\c@float@type=\count88
\float@exts=\toks14
\float@box=\box26
\@float@everytoks=\toks15
\@floatcapt=\box27
)
("C:\Program Files\MiKTeX 2.9\tex\latex\base\ifthen.sty"
Package: ifthen 2014/09/29 v1.1c Standard LaTeX ifthen package (DPC)
)
\@float@every@algorithm=\toks16
\c@algorithm=\count89
)
(C:\Users\meddwilb\AppData\Roaming\MiKTeX\2.9\tex\latex\algorithmicx\algorithmi
cx.sty
Package: algorithmicx 2005/04/27 v1.2 Algorithmicx

Document Style algorithmicx 1.2 - a greatly improved `algorithmic' style
\c@ALG@line=\count90
\c@ALG@rem=\count91
\c@ALG@nested=\count92
\ALG@tlm=\skip43
\ALG@thistlm=\skip44
\c@ALG@Lnr=\count93
\c@ALG@blocknr=\count94
\c@ALG@storecount=\count95
\c@ALG@tmpcounter=\count96
\ALG@tmplength=\skip45
)
(C:\Users\meddwilb\AppData\Roaming\MiKTeX\2.9\tex\latex\algorithmicx\algpseudoc
ode.sty
Package: algpseudocode 

Document Style - pseudocode environments for use with the `algorithmicx' style
) (C:\Users\meddwilb\AppData\Roaming\MiKTeX\2.9\tex\latex\booktabs\booktabs.sty
Package: booktabs 2005/04/14 v1.61803 publication quality tables
\heavyrulewidth=\dimen103
\lightrulewidth=\dimen104
\cmidrulewidth=\dimen105
\belowrulesep=\dimen106
\belowbottomsep=\dimen107
\aboverulesep=\dimen108
\abovetopsep=\dimen109
\cmidrulesep=\dimen110
\cmidrulekern=\dimen111
\defaultaddspace=\dimen112
\@cmidla=\count97
\@cmidlb=\count98
\@aboverulesep=\dimen113
\@belowrulesep=\dimen114
\@thisruleclass=\count99
\@lastruleclass=\count100
\@thisrulewidth=\dimen115
) ("C:\Program Files\MiKTeX 2.9\tex\latex\tools\array.sty"
Package: array 2018/04/30 v2.4h Tabular extension package (FMi)
\col@sep=\dimen116
\ar@mcellbox=\box28
\extrarowheight=\dimen117
\NC@list=\toks17
\extratabsurround=\skip46
\backup@length=\skip47
\ar@cellbox=\box29
)
("C:\Program Files\MiKTeX 2.9\tex\latex\graphics\graphicx.sty"
Package: graphicx 2017/06/01 v1.1a Enhanced LaTeX Graphics (DPC,SPQR)

("C:\Program Files\MiKTeX 2.9\tex\latex\graphics\keyval.sty"
Package: keyval 2014/10/28 v1.15 key=value parser (DPC)
\KV@toks@=\toks18
)
("C:\Program Files\MiKTeX 2.9\tex\latex\graphics\graphics.sty"
Package: graphics 2017/06/25 v1.2c Standard LaTeX Graphics (DPC,SPQR)

("C:\Program Files\MiKTeX 2.9\tex\latex\graphics\trig.sty"
Package: trig 2016/01/03 v1.10 sin cos tan (DPC)
)
("C:\Program Files\MiKTeX 2.9\tex\latex\graphics-cfg\graphics.cfg"
File: graphics.cfg 2016/06/04 v1.11 sample graphics configuration
)
Package graphics Info: Driver file: pdftex.def on input line 99.

("C:\Program Files\MiKTeX 2.9\tex\latex\graphics-def\pdftex.def"
File: pdftex.def 2018/01/08 v1.0l Graphics/color driver for pdftex
))
\Gin@req@height=\dimen118
\Gin@req@width=\dimen119
)
("C:\Program Files\MiKTeX 2.9\tex\latex\amsmath\amsmath.sty"
Package: amsmath 2017/09/02 v2.17a AMS math features
\@mathmargin=\skip48

For additional information on amsmath, use the `?' option.
("C:\Program Files\MiKTeX 2.9\tex\latex\amsmath\amstext.sty"
Package: amstext 2000/06/29 v2.01 AMS text

("C:\Program Files\MiKTeX 2.9\tex\latex\amsmath\amsgen.sty"
File: amsgen.sty 1999/11/30 v2.0 generic functions
\@emptytoks=\toks19
\ex@=\dimen120
))
("C:\Program Files\MiKTeX 2.9\tex\latex\amsmath\amsbsy.sty"
Package: amsbsy 1999/11/29 v1.2d Bold Symbols
\pmbraise@=\dimen121
)
("C:\Program Files\MiKTeX 2.9\tex\latex\amsmath\amsopn.sty"
Package: amsopn 2016/03/08 v2.02 operator names
)
\inf@bad=\count101
LaTeX Info: Redefining \frac on input line 213.
\uproot@=\count102
\leftroot@=\count103
LaTeX Info: Redefining \overline on input line 375.
\classnum@=\count104
\DOTSCASE@=\count105
LaTeX Info: Redefining \ldots on input line 472.
LaTeX Info: Redefining \dots on input line 475.
LaTeX Info: Redefining \cdots on input line 596.
\Mathstrutbox@=\box30
\strutbox@=\box31
\big@size=\dimen122
LaTeX Font Info:    Redeclaring font encoding OML on input line 712.
LaTeX Font Info:    Redeclaring font encoding OMS on input line 713.
\macc@depth=\count106
\c@MaxMatrixCols=\count107
\dotsspace@=\muskip10
\c@parentequation=\count108
\dspbrk@lvl=\count109
\tag@help=\toks20
\row@=\count110
\column@=\count111
\maxfields@=\count112
\andhelp@=\toks21
\eqnshift@=\dimen123
\alignsep@=\dimen124
\tagshift@=\dimen125
\tagwidth@=\dimen126
\totwidth@=\dimen127
\lineht@=\dimen128
\@envbody=\toks22
\multlinegap=\skip49
\multlinetaggap=\skip50
\mathdisplay@stack=\toks23
LaTeX Info: Redefining \[ on input line 2817.
LaTeX Info: Redefining \] on input line 2818.
)
("C:\Program Files\MiKTeX 2.9\tex\latex\amsfonts\amsfonts.sty"
Package: amsfonts 2013/01/14 v3.01 Basic AMSFonts support
\symAMSa=\mathgroup4
\symAMSb=\mathgroup5
LaTeX Font Info:    Overwriting math alphabet `\mathfrak' in version `bold'
(Font)                  U/euf/m/n --> U/euf/b/n on input line 106.
)
("C:\Program Files\MiKTeX 2.9\tex\latex\amsfonts\amssymb.sty"
Package: amssymb 2013/01/14 v3.01 AMS font symbols
)
("C:\Program Files\MiKTeX 2.9\tex\latex\multirow\multirow.sty"
Package: multirow 2018/08/03 v2.3 Span multiple rows of a table
\multirow@colwidth=\skip51
\multirow@cntb=\count113
\multirow@dima=\skip52
\bigstrutjot=\dimen129
)
(C:\Users\meddwilb\AppData\Roaming\MiKTeX\2.9\tex\latex\url\url.sty
\Urlmuskip=\muskip11
Package: url 2013/09/16  ver 3.4  Verb mode for urls, etc.
)
(Bayes_opt_SSD.aux)
\openout1 = `Bayes_opt_SSD.aux'.

LaTeX Font Info:    Checking defaults for OML/cmm/m/it on input line 15.
LaTeX Font Info:    ... okay on input line 15.
LaTeX Font Info:    Checking defaults for T1/cmr/m/n on input line 15.
LaTeX Font Info:    ... okay on input line 15.
LaTeX Font Info:    Checking defaults for OT1/cmr/m/n on input line 15.
LaTeX Font Info:    ... okay on input line 15.
LaTeX Font Info:    Checking defaults for OMS/cmsy/m/n on input line 15.
LaTeX Font Info:    ... okay on input line 15.
LaTeX Font Info:    Checking defaults for OMX/cmex/m/n on input line 15.
LaTeX Font Info:    ... okay on input line 15.
LaTeX Font Info:    Checking defaults for U/cmr/m/n on input line 15.
LaTeX Font Info:    ... okay on input line 15.

(C:\Users\meddwilb\AppData\Roaming\MiKTeX\2.9\tex\context\base\mkii\supp-pdf.mk
ii
[Loading MPS to PDF converter (version 2006.09.02).]
\scratchcounter=\count114
\scratchdimen=\dimen130
\scratchbox=\box32
\nofMPsegments=\count115
\nofMParguments=\count116
\everyMPshowfont=\toks24
\MPscratchCnt=\count117
\MPscratchDim=\dimen131
\MPnumerator=\count118
\makeMPintoPDFobject=\count119
\everyMPtoPDFconversion=\toks25
) ("C:\Program Files\MiKTeX 2.9\tex\latex\oberdiek\epstopdf-base.sty"
Package: epstopdf-base 2016/05/15 v2.6 Base part for package epstopdf

("C:\Program Files\MiKTeX 2.9\tex\generic\oberdiek\infwarerr.sty"
Package: infwarerr 2016/05/16 v1.4 Providing info/warning/error messages (HO)
)
("C:\Program Files\MiKTeX 2.9\tex\latex\oberdiek\grfext.sty"
Package: grfext 2016/05/16 v1.2 Manage graphics extensions (HO)

("C:\Program Files\MiKTeX 2.9\tex\generic\oberdiek\kvdefinekeys.sty"
Package: kvdefinekeys 2016/05/16 v1.4 Define keys (HO)

("C:\Program Files\MiKTeX 2.9\tex\generic\oberdiek\ltxcmds.sty"
Package: ltxcmds 2016/05/16 v1.23 LaTeX kernel commands for general use (HO)
)))
("C:\Program Files\MiKTeX 2.9\tex\latex\oberdiek\kvoptions.sty"
Package: kvoptions 2016/05/16 v3.12 Key value format for package options (HO)

("C:\Program Files\MiKTeX 2.9\tex\generic\oberdiek\kvsetkeys.sty"
Package: kvsetkeys 2016/05/16 v1.17 Key value parser (HO)

("C:\Program Files\MiKTeX 2.9\tex\generic\oberdiek\etexcmds.sty"
Package: etexcmds 2016/05/16 v1.6 Avoid name clashes with e-TeX commands (HO)

("C:\Program Files\MiKTeX 2.9\tex\generic\oberdiek\ifluatex.sty"
Package: ifluatex 2016/05/16 v1.4 Provides the ifluatex switch (HO)
Package ifluatex Info: LuaTeX not detected.
)
Package etexcmds Info: Could not find \expanded.
(etexcmds)             That can mean that you are not using pdfTeX 1.50 or
(etexcmds)             that some package has redefined \expanded.
(etexcmds)             In the latter case, load this package earlier.
)))
("C:\Program Files\MiKTeX 2.9\tex\generic\oberdiek\pdftexcmds.sty"
Package: pdftexcmds 2018/09/10 v0.29 Utility functions of pdfTeX for LuaTeX (HO
)

("C:\Program Files\MiKTeX 2.9\tex\generic\oberdiek\ifpdf.sty"
Package: ifpdf 2018/09/07 v3.3 Provides the ifpdf switch
)
Package pdftexcmds Info: LuaTeX not detected.
Package pdftexcmds Info: \pdf@primitive is available.
Package pdftexcmds Info: \pdf@ifprimitive is available.
Package pdftexcmds Info: \pdfdraftmode found.
)
Package epstopdf-base Info: Redefining graphics rule for `.eps' on input line 4
38.
Package grfext Info: Graphics extension search list:
(grfext)             [.pdf,.png,.jpg,.mps,.jpeg,.jbig2,.jb2,.PDF,.PNG,.JPG,.JPE
G,.JBIG2,.JB2,.eps]
(grfext)             \AppendGraphicsExtensions on input line 456.
)
LaTeX Font Info:    Try loading font information for U+msa on input line 26.

("C:\Program Files\MiKTeX 2.9\tex\latex\amsfonts\umsa.fd"
File: umsa.fd 2013/01/14 v3.01 AMS symbols A
)
LaTeX Font Info:    Try loading font information for U+msb on input line 26.

("C:\Program Files\MiKTeX 2.9\tex\latex\amsfonts\umsb.fd"
File: umsb.fd 2013/01/14 v3.01 AMS symbols B
) [1

{C:/Users/meddwilb/AppData/Local/MiKTeX/2.9/pdftex/config/pdftex.map}] [2] [3]
Package epstopdf Info: Source file: <ex1_structure.eps>
(epstopdf)                    date: 2019-01-09 15:46:21
(epstopdf)                    size: 29948 bytes
(epstopdf)             Output file: <ex1_structure-eps-converted-to.pdf>
(epstopdf)                    date: 2019-08-21 10:34:52
(epstopdf)                    size: 12346 bytes
(epstopdf)             Command: <epstopdf --outfile=ex1_structure-eps-converted
-to.pdf ex1_structure.eps>
(epstopdf)             \includegraphics on input line 58.
Package epstopdf Info: Output file is already uptodate.


pdfTeX warning: pdflatex (file ./ex1_structure-eps-converted-to.pdf): PDF inclu
sion: found PDF version <1.7>, but at most version <1.5> allowed
<ex1_structure-eps-converted-to.pdf, id=19, 482.80376pt x 198.7425pt>
File: ex1_structure-eps-converted-to.pdf Graphic file (type pdf)
<use ex1_structure-eps-converted-to.pdf>
Package pdftex.def Info: ex1_structure-eps-converted-to.pdf  used on input line
 58.
(pdftex.def)             Requested size: 337.96033pt x 139.11879pt.
[4] [5 <./ex1_structure-eps-converted-to.pdf>] [6] [7]
Package epstopdf Info: Source file: <fake_pareto.eps>
(epstopdf)                    date: 2019-07-23 14:30:02
(epstopdf)                    size: 78525 bytes
(epstopdf)             Output file: <fake_pareto-eps-converted-to.pdf>
(epstopdf)                    date: 2019-08-21 10:34:53
(epstopdf)                    size: 35249 bytes
(epstopdf)             Command: <epstopdf --outfile=fake_pareto-eps-converted-t
o.pdf fake_pareto.eps>
(epstopdf)             \includegraphics on input line 130.
Package epstopdf Info: Output file is already uptodate.


pdfTeX warning: pdflatex (file ./fake_pareto-eps-converted-to.pdf): PDF inclusi
on: found PDF version <1.7>, but at most version <1.5> allowed
<fake_pareto-eps-converted-to.pdf, id=51, 361.35pt x 216.81pt>
File: fake_pareto-eps-converted-to.pdf Graphic file (type pdf)
<use fake_pareto-eps-converted-to.pdf>
Package pdftex.def Info: fake_pareto-eps-converted-to.pdf  used on input line 1
30.
(pdftex.def)             Requested size: 289.0804pt x 173.44823pt.

Overfull \hbox (7.43126pt too wide) in paragraph at lines 140--141
\OT1/cmr/m/n/10 The pro-posed method is based on the Ef-fi-cient Global Op-ti-m
i-sa-tion al-go-rithm [[]].
 []

[8] [9 <./fake_pareto-eps-converted-to.pdf>] [10]
Package epstopdf Info: Source file: <GP_example.eps>
(epstopdf)                    date: 2019-07-23 14:30:23
(epstopdf)                    size: 116760 bytes
(epstopdf)             Output file: <GP_example-eps-converted-to.pdf>
(epstopdf)                    date: 2019-08-21 10:34:54
(epstopdf)                    size: 56999 bytes
(epstopdf)             Command: <epstopdf --outfile=GP_example-eps-converted-to
.pdf GP_example.eps>
(epstopdf)             \includegraphics on input line 187.
Package epstopdf Info: Output file is already uptodate.


pdfTeX warning: pdflatex (file ./GP_example-eps-converted-to.pdf): PDF inclusio
n: found PDF version <1.7>, but at most version <1.5> allowed
<GP_example-eps-converted-to.pdf, id=71, 361.35pt x 237.88875pt>
File: GP_example-eps-converted-to.pdf Graphic file (type pdf)
<use GP_example-eps-converted-to.pdf>
Package pdftex.def Info: GP_example-eps-converted-to.pdf  used on input line 18
7.
(pdftex.def)             Requested size: 289.0804pt x 190.31123pt.
[11 <./GP_example-eps-converted-to.pdf>] [12] [13] [14]
Package epstopdf Info: Source file: <ex1_single_run.eps>
(epstopdf)                    date: 2019-07-23 13:39:20
(epstopdf)                    size: 16761 bytes
(epstopdf)             Output file: <ex1_single_run-eps-converted-to.pdf>
(epstopdf)                    date: 2019-08-21 10:34:55
(epstopdf)                    size: 11317 bytes
(epstopdf)             Command: <epstopdf --outfile=ex1_single_run-eps-converte
d-to.pdf ex1_single_run.eps>
(epstopdf)             \includegraphics on input line 258.
Package epstopdf Info: Output file is already uptodate.


pdfTeX warning: pdflatex (file ./ex1_single_run-eps-converted-to.pdf): PDF incl
usion: found PDF version <1.7>, but at most version <1.5> allowed
<ex1_single_run-eps-converted-to.pdf, id=94, 398.48875pt x 255.95625pt>
File: ex1_single_run-eps-converted-to.pdf Graphic file (type pdf)
<use ex1_single_run-eps-converted-to.pdf>
Package pdftex.def Info: ex1_single_run-eps-converted-to.pdf  used on input lin
e 258.
(pdftex.def)             Requested size: 318.79143pt x 204.76526pt.
Package epstopdf Info: Source file: <ex1_traj.eps>
(epstopdf)                    date: 2019-07-23 13:39:31
(epstopdf)                    size: 9688 bytes
(epstopdf)             Output file: <ex1_traj-eps-converted-to.pdf>
(epstopdf)                    date: 2019-08-21 10:34:56
(epstopdf)                    size: 8917 bytes
(epstopdf)             Command: <epstopdf --outfile=ex1_traj-eps-converted-to.p
df ex1_traj.eps>
(epstopdf)             \includegraphics on input line 269.
Package epstopdf Info: Output file is already uptodate.


pdfTeX warning: pdflatex (file ./ex1_traj-eps-converted-to.pdf): PDF inclusion:
 found PDF version <1.7>, but at most version <1.5> allowed
<ex1_traj-eps-converted-to.pdf, id=95, 398.48875pt x 255.95625pt>
File: ex1_traj-eps-converted-to.pdf Graphic file (type pdf)
<use ex1_traj-eps-converted-to.pdf>
Package pdftex.def Info: ex1_traj-eps-converted-to.pdf  used on input line 269.

(pdftex.def)             Requested size: 318.79143pt x 204.76526pt.
[15] [16 <./ex1_single_run-eps-converted-to.pdf> <./ex1_traj-eps-converted-to.p
df>] (ex1_results.txt) [17]
Package epstopdf Info: Source file: <ex2_single_run.eps>
(epstopdf)                    date: 2019-07-23 14:27:55
(epstopdf)                    size: 19826 bytes
(epstopdf)             Output file: <ex2_single_run-eps-converted-to.pdf>
(epstopdf)                    date: 2019-08-21 10:34:57
(epstopdf)                    size: 12115 bytes
(epstopdf)             Command: <epstopdf --outfile=ex2_single_run-eps-converte
d-to.pdf ex2_single_run.eps>
(epstopdf)             \includegraphics on input line 313.
Package epstopdf Info: Output file is already uptodate.


pdfTeX warning: pdflatex (file ./ex2_single_run-eps-converted-to.pdf): PDF incl
usion: found PDF version <1.7>, but at most version <1.5> allowed
<ex2_single_run-eps-converted-to.pdf, id=118, 398.48875pt x 255.95625pt>
File: ex2_single_run-eps-converted-to.pdf Graphic file (type pdf)
<use ex2_single_run-eps-converted-to.pdf>
Package pdftex.def Info: ex2_single_run-eps-converted-to.pdf  used on input lin
e 313.
(pdftex.def)             Requested size: 318.79143pt x 204.76526pt.
(ex2_results.txt) [18 <./ex2_single_run-eps-converted-to.pdf>]
Package epstopdf Info: Source file: <ex3_single_run.eps>
(epstopdf)                    date: 2019-07-23 14:29:26
(epstopdf)                    size: 11316 bytes
(epstopdf)             Output file: <ex3_single_run-eps-converted-to.pdf>
(epstopdf)                    date: 2019-08-21 10:34:58
(epstopdf)                    size: 8123 bytes
(epstopdf)             Command: <epstopdf --outfile=ex3_single_run-eps-converte
d-to.pdf ex3_single_run.eps>
(epstopdf)             \includegraphics on input line 339.
Package epstopdf Info: Output file is already uptodate.


pdfTeX warning: pdflatex (file ./ex3_single_run-eps-converted-to.pdf): PDF incl
usion: found PDF version <1.7>, but at most version <1.5> allowed
<ex3_single_run-eps-converted-to.pdf, id=127, 398.48875pt x 255.95625pt>
File: ex3_single_run-eps-converted-to.pdf Graphic file (type pdf)
<use ex3_single_run-eps-converted-to.pdf>
Package pdftex.def Info: ex3_single_run-eps-converted-to.pdf  used on input lin
e 339.
(pdftex.def)             Requested size: 318.79143pt x 204.76526pt.
(ex3_results.txt)
Overfull \hbox (38.42546pt too wide) in paragraph at lines 3--349
 [][] 
 []

[19] [20 <./ex3_single_run-eps-converted-to.pdf>] [21] [22]
Overfull \hbox (43.97287pt too wide) in paragraph at lines 371--372
\OT1/cmr/m/n/10 This work was sup-ported by the Med-i-cal Re-search Coun-cil [g
rant num-ber MR/N015444/1]. 
 []

(Bayes_opt_SSD.bbl [23] [24] [25] [26]) [27] (Bayes_opt_SSD.aux)

LaTeX Warning: Label(s) may have changed. Rerun to get cross-references right.

 ) 
Here is how much of TeX's memory you used:
 3369 strings out of 492970
 46376 string characters out of 3135846
 118862 words of memory out of 3000000
 7132 multiletter control sequences out of 15000+200000
 17551 words of font info for 66 fonts, out of 3000000 for 9000
 1141 hyphenation exceptions out of 8191
 41i,10n,25p,1922b,272s stack positions out of 5000i,500n,10000p,200000b,50000s
<C:/Program Files/MiKTeX 2.9/fonts/type1/public/amsfonts/cm/cmbx10.pfb><C:/Pr
ogram Files/MiKTeX 2.9/fonts/type1/public/amsfonts/cm/cmbx12.pfb><C:/Program Fi
les/MiKTeX 2.9/fonts/type1/public/amsfonts/cm/cmbx7.pfb><C:/Program Files/MiKTe
X 2.9/fonts/type1/public/amsfonts/cm/cmbx9.pfb><C:/Program Files/MiKTeX 2.9/fon
ts/type1/public/amsfonts/cm/cmex10.pfb><C:/Program Files/MiKTeX 2.9/fonts/type1
/public/amsfonts/cm/cmmi10.pfb><C:/Program Files/MiKTeX 2.9/fonts/type1/public/
amsfonts/cm/cmmi7.pfb><C:/Program Files/MiKTeX 2.9/fonts/type1/public/amsfonts/
cm/cmmi8.pfb><C:/Program Files/MiKTeX 2.9/fonts/type1/public/amsfonts/cm/cmmi9.
pfb><C:/Program Files/MiKTeX 2.9/fonts/type1/public/amsfonts/cm/cmmib10.pfb><C:
/Program Files/MiKTeX 2.9/fonts/type1/public/amsfonts/cm/cmr10.pfb><C:/Program 
Files/MiKTeX 2.9/fonts/type1/public/amsfonts/cm/cmr12.pfb><C:/Program Files/MiK
TeX 2.9/fonts/type1/public/amsfonts/cm/cmr17.pfb><C:/Program Files/MiKTeX 2.9/f
onts/type1/public/amsfonts/cm/cmr6.pfb><C:/Program Files/MiKTeX 2.9/fonts/type1
/public/amsfonts/cm/cmr7.pfb><C:/Program Files/MiKTeX 2.9/fonts/type1/public/am
sfonts/cm/cmr8.pfb><C:/Program Files/MiKTeX 2.9/fonts/type1/public/amsfonts/cm/
cmr9.pfb><C:/Program Files/MiKTeX 2.9/fonts/type1/public/amsfonts/cm/cmss10.pfb
><C:/Program Files/MiKTeX 2.9/fonts/type1/public/amsfonts/cm/cmss9.pfb><C:/Prog
ram Files/MiKTeX 2.9/fonts/type1/public/amsfonts/cm/cmsy10.pfb><C:/Program File
s/MiKTeX 2.9/fonts/type1/public/amsfonts/cm/cmsy7.pfb><C:/Program Files/MiKTeX 
2.9/fonts/type1/public/amsfonts/cm/cmti10.pfb><C:/Program Files/MiKTeX 2.9/font
s/type1/public/amsfonts/cm/cmtt10.pfb><C:/Program Files/MiKTeX 2.9/fonts/type1/
public/amsfonts/symbols/msbm10.pfb>
Output written on Bayes_opt_SSD.pdf (27 pages, 512666 bytes).
PDF statistics:
 236 PDF objects out of 1000 (max. 8388607)
 0 named destinations out of 1000 (max. 500000)
 36 words of extra memory for PDF output out of 10000 (max. 10000000)

